C:\DEVELOPMENT\TEMERE\TEMERE\UTILITY\RELEASE\UTILITY.OBJ
C:\DEVELOPMENT\TEMERE\TEMERE\UTILITY\RELEASE\TIMER_WIN.OBJ
C:\DEVELOPMENT\TEMERE\TEMERE\UTILITY\RELEASE\TIMER_UNIXCPP.OBJ
C:\DEVELOPMENT\TEMERE\TEMERE\UTILITY\RELEASE\OBJECT.OBJ
C:\DEVELOPMENT\TEMERE\TEMERE\UTILITY\RELEASE\VC110.PDB
C:\DEVELOPMENT\TEMERE\TEMERE\RELEASE\UTILITY.DLL
C:\DEVELOPMENT\TEMERE\TEMERE\RELEASE\UTILITY.PDB
C:\Development\Temere\Temere\Release\Utility.lib
C:\Development\Temere\Temere\Release\Utility.exp
C:\Development\Temere\Temere\Utility\Release\object.obj
C:\Development\Temere\Temere\Utility\Release\timer_unixcpp.obj
C:\Development\Temere\Temere\Utility\Release\timer_win.obj
C:\Development\Temere\Temere\Utility\Release\utility.obj
C:\Development\Temere\Temere\Utility\Release\cl.command.1.tlog
C:\Development\Temere\Temere\Utility\Release\CL.read.1.tlog
C:\Development\Temere\Temere\Utility\Release\CL.write.1.tlog
C:\Development\Temere\Temere\Utility\Release\link-cvtres.read.1.tlog
C:\Development\Temere\Temere\Utility\Release\link-cvtres.write.1.tlog
C:\Development\Temere\Temere\Utility\Release\link-rc.read.1.tlog
C:\Development\Temere\Temere\Utility\Release\link-rc.write.1.tlog
C:\Development\Temere\Temere\Utility\Release\link.command.1.tlog
C:\Development\Temere\Temere\Utility\Release\link.read.1.tlog
C:\Development\Temere\Temere\Utility\Release\link.write.1.tlog
C:\Development\Temere\Temere\Utility\Release\Utility.write.1.tlog
C:\Development\Temere\Temere\Utility\Release\vc110.pdb
C:\Development\Temere\Temere\Release\Utility.pdb
C:\Development\Temere\Temere\Release\Utility.dll
