C:\DEVELOPMENT\TEMERE\TEMERE\TEMERE\RELEASE\MAIN.OBJ
C:\DEVELOPMENT\TEMERE\TEMERE\TEMERE\RELEASE\VC110.PDB
C:\DEVELOPMENT\TEMERE\TEMERE\RELEASE\TEMERE.EXE
C:\DEVELOPMENT\TEMERE\TEMERE\RELEASE\TEMERE.PDB
C:\Development\Temere\Temere\Release\Temere.lib
C:\Development\Temere\Temere\Release\Temere.exp
C:\Development\Temere\Temere\Temere\Release\Temere.vcxprojResolveAssemblyReference.cache
C:\Development\Temere\Temere\Temere\Release\main.obj
C:\Development\Temere\Temere\Temere\Release\cl.command.1.tlog
C:\Development\Temere\Temere\Temere\Release\CL.read.1.tlog
C:\Development\Temere\Temere\Temere\Release\CL.write.1.tlog
C:\Development\Temere\Temere\Temere\Release\link-cvtres.read.1.tlog
C:\Development\Temere\Temere\Temere\Release\link-cvtres.write.1.tlog
C:\Development\Temere\Temere\Temere\Release\link-rc.read.1.tlog
C:\Development\Temere\Temere\Temere\Release\link-rc.write.1.tlog
C:\Development\Temere\Temere\Temere\Release\link.command.1.tlog
C:\Development\Temere\Temere\Temere\Release\link.read.1.tlog
C:\Development\Temere\Temere\Temere\Release\link.write.1.tlog
C:\Development\Temere\Temere\Temere\Release\Temere.write.1.tlog
C:\Development\Temere\Temere\Temere\Release\vc110.pdb
C:\Development\Temere\Temere\Release\Temere.pdb
