Build started 2014-06-30 09:11:55.
     1>Project "C:\Development\Temere\Temere\Scene\Scene.vcxproj" on node 2 (Rebuild target(s)).
     1>ClCompile:
         C:\Program Files (x86)\Microsoft Visual Studio 11.0\VC\bin\CL.exe /c /I..\\..\References\Include /Zi /nologo /W3 /WX- /O2 /Oi /Oy- /GL /D WIN32 /D NDEBUG /D _CONSOLE /D _WINDLL /D _UNICODE /D UNICODE /Gm- /EHsc /MD /GS /Gy /fp:precise /Zc:wchar_t /Zc:forScope /Fo"Release\\" /Fd"Release\vc110.pdb" /Gd /TP /analyze- /errorReport:prompt scenehandler.cpp sceneobject.cpp transformobject.cpp
         scenehandler.cpp
         sceneobject.cpp
         transformobject.cpp
         GLM: rotate function taking degrees as a parameter is deprecated. #define GLM_FORCE_RADIANS before including GLM headers to remove this message.
       Link:
         C:\Program Files (x86)\Microsoft Visual Studio 11.0\VC\bin\link.exe /ERRORREPORT:PROMPT /OUT:"C:\Development\Temere\Temere\Release\Scene.dll" /INCREMENTAL:NO /NOLOGO /LIBPATH:..\\..\\References\Lib kernel32.lib user32.lib gdi32.lib winspool.lib comdlg32.lib advapi32.lib shell32.lib ole32.lib oleaut32.lib uuid.lib odbc32.lib odbccp32.lib /MANIFEST /MANIFESTUAC:"level='asInvoker' uiAccess='false'" /manifest:embed /DEBUG /PDB:"C:\Development\Temere\Temere\Release\Scene.pdb" /SUBSYSTEM:CONSOLE /OPT:REF /OPT:ICF /LTCG /TLBID:1 /DYNAMICBASE /NXCOMPAT /IMPLIB:"C:\Development\Temere\Temere\Release\Scene.lib" /MACHINE:X86 /SAFESEH /DLL Release\scenehandler.obj
         Release\sceneobject.obj
         Release\transformobject.obj
         C:\Development\Temere\Temere\Release\Utility.lib
            Creating library C:\Development\Temere\Temere\Release\Scene.lib and object C:\Development\Temere\Temere\Release\Scene.exp
         Generating code
         Finished generating code
         Scene.vcxproj -> C:\Development\Temere\Temere\Release\Scene.dll
     1>Done Building Project "C:\Development\Temere\Temere\Scene\Scene.vcxproj" (Rebuild target(s)).

Build succeeded.

Time Elapsed 00:00:01.75
