C:\DEVELOPMENT\TEMERE\TEMERE\SCENE\RELEASE\TRANSFORMOBJECT.OBJ
C:\DEVELOPMENT\TEMERE\TEMERE\SCENE\RELEASE\SCENEOBJECT.OBJ
C:\DEVELOPMENT\TEMERE\TEMERE\SCENE\RELEASE\SCENEHANDLER.OBJ
C:\DEVELOPMENT\TEMERE\TEMERE\SCENE\RELEASE\VC110.PDB
C:\DEVELOPMENT\TEMERE\TEMERE\RELEASE\SCENE.DLL
C:\DEVELOPMENT\TEMERE\TEMERE\RELEASE\SCENE.PDB
C:\Development\Temere\Temere\Release\Scene.lib
C:\Development\Temere\Temere\Release\Scene.exp
C:\Development\Temere\Temere\Scene\Release\Scene.vcxprojResolveAssemblyReference.cache
C:\Development\Temere\Temere\Scene\Release\scenehandler.obj
C:\Development\Temere\Temere\Scene\Release\sceneobject.obj
C:\Development\Temere\Temere\Scene\Release\transformobject.obj
C:\Development\Temere\Temere\Scene\Release\cl.command.1.tlog
C:\Development\Temere\Temere\Scene\Release\CL.read.1.tlog
C:\Development\Temere\Temere\Scene\Release\CL.write.1.tlog
C:\Development\Temere\Temere\Scene\Release\link-cvtres.read.1.tlog
C:\Development\Temere\Temere\Scene\Release\link-cvtres.write.1.tlog
C:\Development\Temere\Temere\Scene\Release\link-rc.read.1.tlog
C:\Development\Temere\Temere\Scene\Release\link-rc.write.1.tlog
C:\Development\Temere\Temere\Scene\Release\link.command.1.tlog
C:\Development\Temere\Temere\Scene\Release\link.read.1.tlog
C:\Development\Temere\Temere\Scene\Release\link.write.1.tlog
C:\Development\Temere\Temere\Scene\Release\Scene.write.1.tlog
C:\Development\Temere\Temere\Scene\Release\vc110.pdb
C:\Development\Temere\Temere\Release\Scene.pdb
C:\Development\Temere\Temere\Release\Scene.dll
