C:\DEVELOPMENT\TEMERE\TEMERE\GRAPHIC\RELEASE\TEXTURE.OBJ
C:\DEVELOPMENT\TEMERE\TEMERE\GRAPHIC\RELEASE\SPRITEOBJECT.OBJ
C:\DEVELOPMENT\TEMERE\TEMERE\GRAPHIC\RELEASE\SPRITEANIMATION.OBJ
C:\DEVELOPMENT\TEMERE\TEMERE\GRAPHIC\RELEASE\SHADER.OBJ
C:\DEVELOPMENT\TEMERE\TEMERE\GRAPHIC\RELEASE\GRAPHICOBJECT.OBJ
C:\DEVELOPMENT\TEMERE\TEMERE\GRAPHIC\RELEASE\GRAPHICMANAGER.OBJ
C:\DEVELOPMENT\TEMERE\TEMERE\GRAPHIC\RELEASE\CAMERA.OBJ
C:\DEVELOPMENT\TEMERE\TEMERE\GRAPHIC\RELEASE\VC110.PDB
C:\DEVELOPMENT\TEMERE\TEMERE\GRAPHIC\RELEASE\STB_IMAGE.OBJ
C:\DEVELOPMENT\TEMERE\TEMERE\GRAPHIC\RELEASE\VERTEX.OBJ
C:\DEVELOPMENT\TEMERE\TEMERE\GRAPHIC\RELEASE\BUFFERRESOURCE.OBJ
C:\DEVELOPMENT\TEMERE\TEMERE\GRAPHIC\RELEASE\DISPLAY.OBJ
C:\Development\Temere\Temere\Release\Graphic.lib
C:\Development\Temere\Temere\Release\Graphic.exp
C:\DEVELOPMENT\TEMERE\TEMERE\RELEASE\GRAPHIC.DLL
C:\DEVELOPMENT\TEMERE\TEMERE\RELEASE\GRAPHIC.PDB
C:\Development\Temere\Temere\Graphic\Release\Graphic.vcxprojResolveAssemblyReference.cache
C:\Development\Temere\Temere\Graphic\Release\bufferresource.obj
C:\Development\Temere\Temere\Graphic\Release\camera.obj
C:\Development\Temere\Temere\Graphic\Release\display.obj
C:\Development\Temere\Temere\Graphic\Release\graphicmanager.obj
C:\Development\Temere\Temere\Graphic\Release\graphicobject.obj
C:\Development\Temere\Temere\Graphic\Release\shader.obj
C:\Development\Temere\Temere\Graphic\Release\spriteanimation.obj
C:\Development\Temere\Temere\Graphic\Release\spriteobject.obj
C:\Development\Temere\Temere\Graphic\Release\stb_image.obj
C:\Development\Temere\Temere\Graphic\Release\texture.obj
C:\Development\Temere\Temere\Graphic\Release\vertex.obj
C:\Development\Temere\Temere\Graphic\Release\cl.command.1.tlog
C:\Development\Temere\Temere\Graphic\Release\CL.read.1.tlog
C:\Development\Temere\Temere\Graphic\Release\CL.write.1.tlog
C:\Development\Temere\Temere\Graphic\Release\Graphic.write.1.tlog
C:\Development\Temere\Temere\Graphic\Release\link-cvtres.read.1.tlog
C:\Development\Temere\Temere\Graphic\Release\link-cvtres.write.1.tlog
C:\Development\Temere\Temere\Graphic\Release\link-rc.read.1.tlog
C:\Development\Temere\Temere\Graphic\Release\link-rc.write.1.tlog
C:\Development\Temere\Temere\Graphic\Release\link.command.1.tlog
C:\Development\Temere\Temere\Graphic\Release\link.read.1.tlog
C:\Development\Temere\Temere\Graphic\Release\link.write.1.tlog
C:\Development\Temere\Temere\Graphic\Release\vc110.pdb
C:\Development\Temere\Temere\Release\Graphic.pdb
C:\Development\Temere\Temere\Release\Graphic.dll
